#
# There is insufficient memory for the Java Runtime Environment to continue.
# Native memory allocation (mmap) failed to map 67108864 bytes for Failed to commit area from 0x00000000fc000000 to 0x0000000100000000 of length 67108864.
# Possible reasons:
#   The system is out of physical RAM or swap space
#   The process is running with CompressedOops enabled, and the Java Heap may be blocking the growth of the native heap
# Possible solutions:
#   Reduce memory load on the system
#   Increase physical memory or swap space
#   Check if swap backing store is full
#   Decrease Java heap size (-Xmx/-Xms)
#   Decrease number of Java threads
#   Decrease Java thread stack sizes (-Xss)
#   Set larger code cache with -XX:ReservedCodeCacheSize=
# This output file may be truncated or incomplete.
#
#  Out of Memory Error (t:/workspace/open/src/hotspot/os/windows/os_windows.cpp:3221), pid=7176, tid=2360
#
# JRE version:  (10.0.2+13) (build )
# Java VM: Java HotSpot(TM) 64-Bit Server VM (10.0.2+13, mixed mode, aot, tiered, compressed oops, g1 gc, windows-amd64)
# No core dump will be written. Minidumps are not enabled by default on client versions of Windows
#

---------------  S U M M A R Y ------------

Command Line: -Xmx64m -Xms64m -Dorg.gradle.appname=gradlew org.gradle.wrapper.GradleWrapperMain build

Host: AMD E2-9000 RADEON R2, 4 COMPUTE CORES 2C+2G   , 2 cores, 3G,  Windows 10 , 64 bit Build 17763 (10.0.17763.475)
Time: Sat Nov 16 15:30:59 2019 RTZ 2 (ceia) elapsed time: 0 seconds (0d 0h 0m 0s)

---------------  T H R E A D  ---------------

Current thread (0x000001ab43830000):  JavaThread "Unknown thread" [_thread_in_vm, id=2360, stack(0x00000072e2d00000,0x00000072e2e00000)]

Stack: [0x00000072e2d00000,0x00000072e2e00000]
Native frames: (J=compiled Java code, j=interpreted, Vv=VM code, C=native code)
V  [jvm.dll+0x5a01a9]
V  [jvm.dll+0x6bcf31]
V  [jvm.dll+0x6be126]
V  [jvm.dll+0x6be7b3]
V  [jvm.dll+0x234978]
V  [jvm.dll+0x59dac4]
V  [jvm.dll+0x592825]
V  [jvm.dll+0x2f632b]
V  [jvm.dll+0x2f6295]
V  [jvm.dll+0x2f6172]
V  [jvm.dll+0x2f8366]
V  [jvm.dll+0x344293]
V  [jvm.dll+0x3449a6]
V  [jvm.dll+0x344393]
V  [jvm.dll+0x2c4628]
V  [jvm.dll+0x2c5771]
V  [jvm.dll+0x69d1db]
V  [jvm.dll+0x69e9fc]
V  [jvm.dll+0x3519e9]
V  [jvm.dll+0x6856a2]
V  [jvm.dll+0x3ba0c3]
V  [jvm.dll+0x3bc261]
C  [java.exe+0x3531]
C  [java.exe+0xe1af]
C  [java.exe+0xe356]
C  [KERNEL32.DLL+0x17974]
C  [ntdll.dll+0x6a271]


---------------  P R O C E S S  ---------------

Threads class SMR info:
_java_thread_list=0x000001ab43737a20, length=0, elements={
}

Java Threads: ( => current thread )

Other Threads:
  0x000001ab43849000 GCTaskThread "GC Thread#0" [stack: 0x00000072e2e00000,0x00000072e2f00000] [id=8820]
  0x000001ab4384b800 GCTaskThread "GC Thread#1" [stack: 0x00000072e2f00000,0x00000072e3000000] [id=9648]
  0x000001ab43855000 ConcurrentGCThread "G1 Main Marker" [stack: 0x00000072e3000000,0x00000072e3100000] [id=2204]
  0x000001ab43857000 ConcurrentGCThread "G1 Conc#0" [stack: 0x00000072e3100000,0x00000072e3200000] [id=9144]

[error occurred during error reporting (printing all threads), id 0xe0000002]

VM state:not at safepoint (not fully initialized)

VM Mutex/Monitor currently owned by a thread:  ([mutex/lock_event])
[0x000001ab4382e060] Heap_lock - owner thread: 0x000001ab43830000

Heap address: 0x00000000fc000000, size: 64 MB, Compressed Oops mode: Non-zero based: 0x00000000fc000000
Narrow klass base: 0x0000000000000000, Narrow klass shift: 0

GC Heap History (0 events):
No events

Deoptimization events (0 events):
No events

Classes redefined (0 events):
No events

Internal exceptions (0 events):
No events

Events (0 events):
No events


Dynamic libraries:
0x00007ff679f90000 - 0x00007ff679fce000 	C:\Program Files\Java\jdk-10.0.2\bin\java.exe
0x00007ffc4aa30000 - 0x00007ffc4ac1d000 	C:\WINDOWS\SYSTEM32\ntdll.dll
0x00007ffc48e10000 - 0x00007ffc48ec3000 	C:\WINDOWS\System32\KERNEL32.DLL
0x00007ffc47980000 - 0x00007ffc47c13000 	C:\WINDOWS\System32\KERNELBASE.dll
0x00007ffc48cd0000 - 0x00007ffc48d73000 	C:\WINDOWS\System32\ADVAPI32.dll
0x00007ffc48770000 - 0x00007ffc4880e000 	C:\WINDOWS\System32\msvcrt.dll
0x00007ffc48300000 - 0x00007ffc4839e000 	C:\WINDOWS\System32\sechost.dll
0x00007ffc4a610000 - 0x00007ffc4a732000 	C:\WINDOWS\System32\RPCRT4.dll
0x00007ffc4a7e0000 - 0x00007ffc4a977000 	C:\WINDOWS\System32\USER32.dll
0x00007ffc46af0000 - 0x00007ffc46b10000 	C:\WINDOWS\System32\win32u.dll
0x00007ffc48d80000 - 0x00007ffc48da9000 	C:\WINDOWS\System32\GDI32.dll
0x00007ffc47730000 - 0x00007ffc478c9000 	C:\WINDOWS\System32\gdi32full.dll
0x00007ffc474f0000 - 0x00007ffc47590000 	C:\WINDOWS\System32\msvcp_win.dll
0x00007ffc47590000 - 0x00007ffc4768a000 	C:\WINDOWS\System32\ucrtbase.dll
0x00007ffc361e0000 - 0x00007ffc36459000 	C:\WINDOWS\WinSxS\amd64_microsoft.windows.common-controls_6595b64144ccf1df_6.0.17763.802_none_05b1445c0722d2cc\COMCTL32.dll
0x00007ffc41eb0000 - 0x00007ffc41eba000 	C:\WINDOWS\SYSTEM32\VERSION.dll
0x00007ffc489a0000 - 0x00007ffc48ccc000 	C:\WINDOWS\System32\combase.dll
0x00007ffc47690000 - 0x00007ffc4770e000 	C:\WINDOWS\System32\bcryptPrimitives.dll
0x00007ffc4a7b0000 - 0x00007ffc4a7de000 	C:\WINDOWS\System32\IMM32.DLL
0x00007ffc3a8c0000 - 0x00007ffc3a9af000 	C:\Program Files\Java\jdk-10.0.2\bin\msvcr120.dll
0x00007ffc3a810000 - 0x00007ffc3a8b6000 	C:\Program Files\Java\jdk-10.0.2\bin\msvcp120.dll
0x0000000056160000 - 0x0000000056bd0000 	C:\Program Files\Java\jdk-10.0.2\bin\server\jvm.dll
0x00007ffc48ef0000 - 0x00007ffc48ef8000 	C:\WINDOWS\System32\PSAPI.DLL
0x00007ffc3f620000 - 0x00007ffc3f629000 	C:\WINDOWS\SYSTEM32\WSOCK32.dll
0x00007ffc44a70000 - 0x00007ffc44a94000 	C:\WINDOWS\SYSTEM32\WINMM.dll
0x00007ffc44a40000 - 0x00007ffc44a6d000 	C:\WINDOWS\SYSTEM32\WINMMBASE.dll
0x00007ffc47930000 - 0x00007ffc4797a000 	C:\WINDOWS\System32\cfgmgr32.dll
0x00007ffc4a740000 - 0x00007ffc4a7ad000 	C:\WINDOWS\System32\WS2_32.dll
0x00007ffc3a800000 - 0x00007ffc3a80f000 	C:\Program Files\Java\jdk-10.0.2\bin\verify.dll
0x00007ffc36570000 - 0x00007ffc3675d000 	C:\WINDOWS\SYSTEM32\DBGHELP.DLL
0x00007ffc36540000 - 0x00007ffc3656a000 	C:\WINDOWS\SYSTEM32\dbgcore.DLL
0x00007ffc3a7d0000 - 0x00007ffc3a7f7000 	C:\Program Files\Java\jdk-10.0.2\bin\java.dll
0x00007ffc3a7b0000 - 0x00007ffc3a7c6000 	C:\Program Files\Java\jdk-10.0.2\bin\zip.dll
0x00007ffc3a7a0000 - 0x00007ffc3a7aa000 	C:\Program Files\Java\jdk-10.0.2\bin\jimage.dll

dbghelp: loaded successfully - version: 4.0.5 - missing functions: none
symbol engine: initialized successfully - sym options: 0x614 - pdb path: .;C:\Program Files\Java\jdk-10.0.2\bin;C:\WINDOWS\SYSTEM32;C:\WINDOWS\WinSxS\amd64_microsoft.windows.common-controls_6595b64144ccf1df_6.0.17763.802_none_05b1445c0722d2cc;C:\Program Files\Java\jdk-10.0.2\bin\server

VM Arguments:
jvm_args: -Xmx64m -Xms64m -Dorg.gradle.appname=gradlew 
java_command: org.gradle.wrapper.GradleWrapperMain build
java_class_path (initial): C:\Users\Ilya\Desktop\Лабы\4 курс 1 сем\Микросервисы\itemservice\\gradle\wrapper\gradle-wrapper.jar
Launcher Type: SUN_STANDARD

Logging:
Log output configuration:
#0: stdout all=warning uptime,level,tags
#1: stderr all=off uptime,level,tags

Environment Variables:
JAVA_HOME=C:\Program Files\Java\jdk-10.0.2
JRE_HOME=C:\Program Files\Java\jre-10.0.2
CLASSPATH=C:\Users\Ilya\Desktop\Лабы\4 курс 1 сем\Микросервисы\itemservice\\gradle\wrapper\gradle-wrapper.jar
PATH=C:\Program Files (x86)\Common Files\Oracle\Java\javapath;C:\WINDOWS\system32;C:\WINDOWS;C:\WINDOWS\System32\Wbem;C:\WINDOWS\System32\WindowsPowerShell\v1.0\;C:\WINDOWS\System32\OpenSSH\;C:\Program Files\Git\cmd;C:\Program Files\nodejs\;C:\Users\Ilya\AppData\Local\Programs\Python\Python37\Scripts;C:\Users\Ilya\AppData\Local\Programs\Python\Python37\;C:\Program Files\Java\jdk-10.0.2\bin;C:\Program Files\Java\jre-10.0.2\bin;C:\Users\Ilya\Desktop\Лабы\3 курс 2 сем\Основы программирования\7 лаб\groovy-2.5.7\bin;C:\Program Files\PuTTY\;C:\Users\Ilya\AppData\Local\Microsoft\WindowsApps;C:\Users\Ilya\AppData\Roaming\npm;;C:\Users\Ilya\AppData\Local\Programs\Microsoft VS Code\bin
USERNAME=Ilya
OS=Windows_NT
PROCESSOR_IDENTIFIER=AMD64 Family 21 Model 112 Stepping 0, AuthenticAMD



---------------  S Y S T E M  ---------------

OS: Windows 10 , 64 bit Build 17763 (10.0.17763.475)

CPU:total 2 (initial active 2) (2 cores per cpu, 1 threads per core) family 21 model 112 stepping 0, cmov, cx8, fxsr, mmx, sse, sse2, sse3, ssse3, sse4.1, sse4.2, popcnt, avx, avx2, aes, clmul, mmxext, 3dnowpref, lzcnt, sse4a, tsc, tscinvbit, tscinv, bmi1, bmi2, fma

Memory: 4k page, physical 3997596k(330096k free), swap 3997596k(10544k free)

vm_info: Java HotSpot(TM) 64-Bit Server VM (10.0.2+13) for windows-amd64 JRE (10.0.2+13), built on Jun 28 2018 01:57:56 by "mach5one" with MS VC++ 12.0 (VS2013)

END.
